<?xml version="1.0" encoding="UTF-8"?>
<testsuite xmlns:xsi="http://www.w3.org/2001/XMLSchema-instance" xsi:noNamespaceSchemaLocation="https://maven.apache.org/surefire/maven-surefire-plugin/xsd/surefire-test-report-3.0.xsd" version="3.0" name="AnimalTest" time="0.169" tests="3" errors="0" skipped="0" failures="0">
  <properties>
    <property name="gopherProxySet" value="false"/>
    <property name="awt.toolkit" value="sun.lwawt.macosx.LWCToolkit"/>
    <property name="java.specification.version" value="11"/>
    <property name="sun.cpu.isalist" value=""/>
    <property name="sun.jnu.encoding" value="UTF-8"/>
    <property name="java.class.path" value="/Users/ekaterinaklimova/qa_java/target/test-classes:/Users/ekaterinaklimova/qa_java/target/classes:/Users/ekaterinaklimova/.m2/repository/org/junit/jupiter/junit-jupiter/5.13.3/junit-jupiter-5.13.3.jar:/Users/ekaterinaklimova/.m2/repository/org/junit/jupiter/junit-jupiter-api/5.13.3/junit-jupiter-api-5.13.3.jar:/Users/ekaterinaklimova/.m2/repository/org/opentest4j/opentest4j/1.3.0/opentest4j-1.3.0.jar:/Users/ekaterinaklimova/.m2/repository/org/junit/platform/junit-platform-commons/1.13.3/junit-platform-commons-1.13.3.jar:/Users/ekaterinaklimova/.m2/repository/org/apiguardian/apiguardian-api/1.1.2/apiguardian-api-1.1.2.jar:/Users/ekaterinaklimova/.m2/repository/org/junit/jupiter/junit-jupiter-params/5.13.3/junit-jupiter-params-5.13.3.jar:/Users/ekaterinaklimova/.m2/repository/org/junit/jupiter/junit-jupiter-engine/5.13.3/junit-jupiter-engine-5.13.3.jar:/Users/ekaterinaklimova/.m2/repository/org/junit/platform/junit-platform-engine/1.13.3/junit-platform-engine-1.13.3.jar:/Users/ekaterinaklimova/.m2/repository/org/mockito/mockito-junit-jupiter/5.18.0/mockito-junit-jupiter-5.18.0.jar:/Users/ekaterinaklimova/.m2/repository/org/mockito/mockito-core/5.18.0/mockito-core-5.18.0.jar:/Users/ekaterinaklimova/.m2/repository/net/bytebuddy/byte-buddy/1.17.5/byte-buddy-1.17.5.jar:/Users/ekaterinaklimova/.m2/repository/net/bytebuddy/byte-buddy-agent/1.17.5/byte-buddy-agent-1.17.5.jar:/Users/ekaterinaklimova/.m2/repository/org/objenesis/objenesis/3.3/objenesis-3.3.jar:"/>
    <property name="java.vm.vendor" value="Amazon.com Inc."/>
    <property name="sun.arch.data.model" value="64"/>
    <property name="java.vendor.url" value="https://aws.amazon.com/corretto/"/>
    <property name="user.timezone" value="Europe/Moscow"/>
    <property name="java.vm.specification.version" value="11"/>
    <property name="os.name" value="Mac OS X"/>
    <property name="sun.java.launcher" value="SUN_STANDARD"/>
    <property name="user.country" value="RU"/>
    <property name="sun.boot.library.path" value="/Library/Java/JavaVirtualMachines/amazon-corretto-11.jdk/Contents/Home/lib"/>
    <property name="sun.java.command" value="/Users/ekaterinaklimova/qa_java/target/surefire/surefirebooter-20251028234558089_3.jar /Users/ekaterinaklimova/qa_java/target/surefire 2025-10-28T23-45-57_964-jvmRun1 surefire-20251028234558089_1tmp surefire_0-20251028234558089_2tmp"/>
    <property name="http.nonProxyHosts" value="local|*.local|169.254/16|*.169.254/16"/>
    <property name="jdk.debug" value="release"/>
    <property name="surefire.test.class.path" value="/Users/ekaterinaklimova/qa_java/target/test-classes:/Users/ekaterinaklimova/qa_java/target/classes:/Users/ekaterinaklimova/.m2/repository/org/junit/jupiter/junit-jupiter/5.13.3/junit-jupiter-5.13.3.jar:/Users/ekaterinaklimova/.m2/repository/org/junit/jupiter/junit-jupiter-api/5.13.3/junit-jupiter-api-5.13.3.jar:/Users/ekaterinaklimova/.m2/repository/org/opentest4j/opentest4j/1.3.0/opentest4j-1.3.0.jar:/Users/ekaterinaklimova/.m2/repository/org/junit/platform/junit-platform-commons/1.13.3/junit-platform-commons-1.13.3.jar:/Users/ekaterinaklimova/.m2/repository/org/apiguardian/apiguardian-api/1.1.2/apiguardian-api-1.1.2.jar:/Users/ekaterinaklimova/.m2/repository/org/junit/jupiter/junit-jupiter-params/5.13.3/junit-jupiter-params-5.13.3.jar:/Users/ekaterinaklimova/.m2/repository/org/junit/jupiter/junit-jupiter-engine/5.13.3/junit-jupiter-engine-5.13.3.jar:/Users/ekaterinaklimova/.m2/repository/org/junit/platform/junit-platform-engine/1.13.3/junit-platform-engine-1.13.3.jar:/Users/ekaterinaklimova/.m2/repository/org/mockito/mockito-junit-jupiter/5.18.0/mockito-junit-jupiter-5.18.0.jar:/Users/ekaterinaklimova/.m2/repository/org/mockito/mockito-core/5.18.0/mockito-core-5.18.0.jar:/Users/ekaterinaklimova/.m2/repository/net/bytebuddy/byte-buddy/1.17.5/byte-buddy-1.17.5.jar:/Users/ekaterinaklimova/.m2/repository/net/bytebuddy/byte-buddy-agent/1.17.5/byte-buddy-agent-1.17.5.jar:/Users/ekaterinaklimova/.m2/repository/org/objenesis/objenesis/3.3/objenesis-3.3.jar:"/>
    <property name="sun.cpu.endian" value="little"/>
    <property name="user.home" value="/Users/ekaterinaklimova"/>
    <property name="user.language" value="ru"/>
    <property name="java.specification.vendor" value="Oracle Corporation"/>
    <property name="java.version.date" value="2025-07-15"/>
    <property name="java.home" value="/Library/Java/JavaVirtualMachines/amazon-corretto-11.jdk/Contents/Home"/>
    <property name="file.separator" value="/"/>
    <property name="basedir" value="/Users/ekaterinaklimova/qa_java"/>
    <property name="java.vm.compressedOopsMode" value="Zero based"/>
    <property name="line.separator" value="&#10;"/>
    <property name="java.specification.name" value="Java Platform API Specification"/>
    <property name="java.vm.specification.vendor" value="Oracle Corporation"/>
    <property name="java.awt.graphicsenv" value="sun.awt.CGraphicsEnvironment"/>
    <property name="surefire.real.class.path" value="/Users/ekaterinaklimova/qa_java/target/surefire/surefirebooter-20251028234558089_3.jar"/>
    <property name="sun.management.compiler" value="HotSpot 64-Bit Tiered Compilers"/>
    <property name="ftp.nonProxyHosts" value="local|*.local|169.254/16|*.169.254/16"/>
    <property name="java.runtime.version" value="11.0.28+6-LTS"/>
    <property name="user.name" value="ekaterinaklimova"/>
    <property name="path.separator" value=":"/>
    <property name="os.version" value="26.0.1"/>
    <property name="java.runtime.name" value="OpenJDK Runtime Environment"/>
    <property name="file.encoding" value="UTF-8"/>
    <property name="java.vm.name" value="OpenJDK 64-Bit Server VM"/>
    <property name="java.vendor.version" value="Corretto-11.0.28.6.1"/>
    <property name="localRepository" value="/Users/ekaterinaklimova/.m2/repository"/>
    <property name="java.vendor.url.bug" value="https://github.com/corretto/corretto-11/issues/"/>
    <property name="java.io.tmpdir" value="/var/folders/jy/mlgdy9kd5b11n2dc_2ds92bc0000gn/T/"/>
    <property name="idea.version" value="2024.3.1.1"/>
    <property name="java.version" value="11.0.28"/>
    <property name="user.dir" value="/Users/ekaterinaklimova/qa_java"/>
    <property name="os.arch" value="x86_64"/>
    <property name="java.vm.specification.name" value="Java Virtual Machine Specification"/>
    <property name="java.awt.printerjob" value="sun.lwawt.macosx.CPrinterJob"/>
    <property name="sun.os.patch.level" value="unknown"/>
    <property name="java.library.path" value="/Users/ekaterinaklimova/Library/Java/Extensions:/Library/Java/Extensions:/Network/Library/Java/Extensions:/System/Library/Java/Extensions:/usr/lib/java:."/>
    <property name="java.vm.info" value="mixed mode"/>
    <property name="java.vendor" value="Amazon.com Inc."/>
    <property name="java.vm.version" value="11.0.28+6-LTS"/>
    <property name="java.specification.maintenance.version" value="3"/>
    <property name="sun.io.unicode.encoding" value="UnicodeBig"/>
    <property name="java.class.version" value="55.0"/>
    <property name="socksNonProxyHosts" value="local|*.local|169.254/16|*.169.254/16"/>
  </properties>
  <testcase name="getFood" classname="AnimalTest" time="0.001"/>
  <testcase name="getFood(String, List)[1]" classname="AnimalTest" time="0.017"/>
  <testcase name="getFood(String, List)[2]" classname="AnimalTest" time="0.001"/>
</testsuite>